<?xml version="1.0" encoding="UTF-8"?>
<!-- Generated by org.testng.reporters.JUnitReportReporter -->
<testsuite hostname="Gopi-PC" failures="0" tests="1" name="test.Day1" time="0.002" errors="0" timestamp="2024-03-02T15:23:31 IST" skipped="0">
  <testcase classname="test.Day1" name="pLoan" time="0.002"/>
  <system-out/>
</testsuite> <!-- test.Day1 -->
