<?xml version="1.0" encoding="UTF-8"?>
<!-- Generated by org.testng.reporters.JUnitReportReporter -->
<testsuite hostname="Gopi-PC" failures="0" tests="4" name="test.HomeLoan" time="0.018" errors="0" timestamp="2024-03-04T11:23:29 IST" skipped="1">
  <testcase classname="test.HomeLoan" name="anime" time="0.014"/>
  <system-out/>
  <testcase classname="test.HomeLoan" name="API" time="0.002"/>
  <system-out/>
  <testcase classname="test.HomeLoan" name="mobile" time="0.002"/>
  <system-out/>
  <testcase classname="test.HomeLoan" name="web">
    <skipped/>
  </testcase> <!-- web -->
  <system-out/>
</testsuite> <!-- test.HomeLoan -->
