<?xml version="1.0" encoding="UTF-8"?>
<!-- Generated by org.testng.reporters.JUnitReportReporter -->
<testsuite hostname="Gopi-PC" failures="0" tests="2" name="test.Basics" time="0.019" errors="0" timestamp="2024-03-02T12:50:42 IST" skipped="0">
  <testcase classname="test.Basics" name="Demo" time="0.017"/>
  <system-out/>
  <testcase classname="test.Basics" name="Demo1" time="0.002"/>
  <system-out/>
</testsuite> <!-- test.Basics -->
