<?xml version="1.0" encoding="UTF-8"?>
<!-- Generated by org.testng.reporters.JUnitReportReporter -->
<testsuite hostname="Gopi-PC" failures="0" tests="4" name="test.GoldLoan" time="0.009" errors="0" timestamp="2024-03-04T11:23:29 IST" skipped="0">
  <testcase classname="test.GoldLoan" name="API" time="0.002"/>
  <system-out/>
  <testcase classname="test.GoldLoan" name="web" time="0.002"/>
  <system-out/>
  <testcase classname="test.GoldLoan" name="mobile" time="0.002"/>
  <system-out/>
  <testcase classname="test.GoldLoan" name="Gold" time="0.003"/>
  <system-out/>
</testsuite> <!-- test.GoldLoan -->
