<?xml version="1.0" encoding="UTF-8"?>
<!-- Generated by org.testng.reporters.JUnitReportReporter -->
<testsuite hostname="Gopi-PC" failures="0" tests="1" name="test.Day2" time="0.005" errors="0" timestamp="2024-03-02T15:23:31 IST" skipped="0">
  <testcase classname="test.Day2" name="mobile" time="0.005"/>
  <system-out/>
</testsuite> <!-- test.Day2 -->
