<?xml version="1.0" encoding="UTF-8"?>
<!-- Generated by org.testng.reporters.JUnitReportReporter -->
<testsuite hostname="Gopi-PC" failures="0" tests="2" name="test.Day" time="0.032" errors="0" timestamp="2024-03-02T15:23:31 IST" skipped="0">
  <testcase classname="test.Day" name="Demo1" time="0.006"/>
  <system-out/>
  <testcase classname="test.Day" name="Demo" time="0.026"/>
  <system-out/>
</testsuite> <!-- test.Day -->
